<?xml version="1.0" encoding="UTF-8"?>
<!-- Generated by org.testng.reporters.JUnitReportReporter -->
<testsuite hostname="DESKTOP-NPK11H1" failures="0" tests="1" name="com.omayo.rightpagetest.SameIdAndNameAttributeTest" time="0.212" errors="0" timestamp="2023-12-16T20:45:02 EET" skipped="0">
  <testcase classname="com.omayo.rightpagetest.SameIdAndNameAttributeTest" name="sameIdAndNameAttributeTest" time="0.212"/>
  <system-out/>
</testsuite> <!-- com.omayo.rightpagetest.SameIdAndNameAttributeTest -->
