<?xml version="1.0" encoding="UTF-8"?>
<!-- Generated by org.testng.reporters.JUnitReportReporter -->
<testsuite hostname="DESKTOP-NPK11H1" failures="0" tests="1" name="com.omayo.rightpagetest.LocateUsingClassTest" time="0.265" errors="0" timestamp="2023-12-06T21:05:37 EET" skipped="0">
  <testcase classname="com.omayo.rightpagetest.LocateUsingClassTest" name="locateUsingClassTest" time="0.265"/>
  <system-out/>
</testsuite> <!-- com.omayo.rightpagetest.LocateUsingClassTest -->
