<?xml version="1.0" encoding="UTF-8"?>
<!-- Generated by org.testng.reporters.JUnitReportReporter -->
<testsuite hostname="DESKTOP-NPK11H1" failures="0" tests="1" name="com.omayo.rightpagetest.RadioOptionsTest" time="0.276" errors="0" timestamp="2023-12-06T20:52:55 EET" skipped="0">
  <testcase classname="com.omayo.rightpagetest.RadioOptionsTest" name="radioOptionsTest" time="0.276"/>
  <system-out/>
</testsuite> <!-- com.omayo.rightpagetest.RadioOptionsTest -->
