<?xml version="1.0" encoding="UTF-8"?>
<!-- Generated by org.testng.reporters.JUnitReportReporter -->
<testsuite hostname="DESKTOP-NPK11H1" failures="0" tests="1" name="com.omayo.rightpagetest.OtherSitesPracticAutomationTest" time="38.758" errors="0" timestamp="2023-12-04T20:56:21 EET" skipped="0">
  <testcase classname="com.omayo.rightpagetest.OtherSitesPracticAutomationTest" name="otherSitesPracticAutomationTest" time="38.758"/>
  <system-out/>
</testsuite> <!-- com.omayo.rightpagetest.OtherSitesPracticAutomationTest -->
