<?xml version="1.0" encoding="UTF-8"?>
<!-- Generated by org.testng.reporters.JUnitReportReporter -->
<testsuite hostname="DESKTOP-NPK11H1" failures="0" tests="1" name="com.omayo.centerpagetest.TextAreFieldTest" time="6.187" errors="0" timestamp="2024-03-27T15:35:59 EET" skipped="0">
  <testcase classname="com.omayo.centerpagetest.TextAreFieldTest" name="textAreFieldTes" time="6.187"/>
  <system-out/>
</testsuite> <!-- com.omayo.centerpagetest.TextAreFieldTest -->
