<?xml version="1.0" encoding="UTF-8"?>
<!-- Generated by org.testng.reporters.JUnitReportReporter -->
<testsuite hostname="DESKTOP-NPK11H1" failures="0" tests="18" name="com.omayo.rightpagetest.LocateUsingNameAttributeTest" time="1.754" errors="0" timestamp="2024-05-15T21:44:44 EET" skipped="0">
  <testcase classname="com.omayo.rightpagetest.LocateUsingNameAttributeTest" name="nameAttributeTest" time="0.093"/>
  <system-out/>
  <testcase classname="com.omayo.rightpagetest.LocateUsingNameAttributeTest" name="nameAttributeTest" time="0.092"/>
  <system-out/>
  <testcase classname="com.omayo.rightpagetest.LocateUsingNameAttributeTest" name="nameAttributeTest" time="0.091"/>
  <system-out/>
  <testcase classname="com.omayo.rightpagetest.LocateUsingNameAttributeTest" name="nameAttributeTest" time="0.101"/>
  <system-out/>
  <testcase classname="com.omayo.rightpagetest.LocateUsingNameAttributeTest" name="nameAttributeTest" time="0.092"/>
  <system-out/>
  <testcase classname="com.omayo.rightpagetest.LocateUsingNameAttributeTest" name="nameAttributeTest" time="0.085"/>
  <system-out/>
  <testcase classname="com.omayo.rightpagetest.LocateUsingNameAttributeTest" name="nameAttributeTest" time="0.092"/>
  <system-out/>
  <testcase classname="com.omayo.rightpagetest.LocateUsingNameAttributeTest" name="nameAttributeTest" time="0.095"/>
  <system-out/>
  <testcase classname="com.omayo.rightpagetest.LocateUsingNameAttributeTest" name="nameAttributeTest" time="0.092"/>
  <system-out/>
  <testcase classname="com.omayo.rightpagetest.LocateUsingNameAttributeTest" name="nameAttributeTest" time="0.092"/>
  <system-out/>
  <testcase classname="com.omayo.rightpagetest.LocateUsingNameAttributeTest" name="nameAttributeTest" time="0.179"/>
  <system-out/>
  <testcase classname="com.omayo.rightpagetest.LocateUsingNameAttributeTest" name="nameAttributeTest" time="0.090"/>
  <system-out/>
  <testcase classname="com.omayo.rightpagetest.LocateUsingNameAttributeTest" name="nameAttributeTest" time="0.088"/>
  <system-out/>
  <testcase classname="com.omayo.rightpagetest.LocateUsingNameAttributeTest" name="nameAttributeTest" time="0.091"/>
  <system-out/>
  <testcase classname="com.omayo.rightpagetest.LocateUsingNameAttributeTest" name="nameAttributeTest" time="0.086"/>
  <system-out/>
  <testcase classname="com.omayo.rightpagetest.LocateUsingNameAttributeTest" name="nameAttributeTest" time="0.101"/>
  <system-out/>
  <testcase classname="com.omayo.rightpagetest.LocateUsingNameAttributeTest" name="nameAttributeTest" time="0.089"/>
  <system-out/>
  <testcase classname="com.omayo.rightpagetest.LocateUsingNameAttributeTest" name="nameAttributeTest" time="0.105"/>
  <system-out/>
</testsuite> <!-- com.omayo.rightpagetest.LocateUsingNameAttributeTest -->
