<?xml version="1.0" encoding="UTF-8"?>
<!-- Generated by org.testng.reporters.JUnitReportReporter -->
<testsuite hostname="DESKTOP-NPK11H1" failures="0" tests="1" name="com.omayo.rightpagetest.AlertDemoTest" time="0.249" errors="0" timestamp="2023-12-04T19:25:08 EET" skipped="0">
  <testcase classname="com.omayo.rightpagetest.AlertDemoTest" name="alertDemoTest" time="0.249"/>
  <system-out/>
</testsuite> <!-- com.omayo.rightpagetest.AlertDemoTest -->
