<?xml version="1.0" encoding="UTF-8"?>
<!-- Generated by org.testng.reporters.JUnitReportReporter -->
<testsuite hostname="DESKTOP-NPK11H1" failures="0" tests="1" name="com.omayo.rightpagetest.SelectMultipleOptionsTest" time="0.561" errors="0" timestamp="2023-12-09T21:17:27 EET" skipped="0">
  <testcase classname="com.omayo.rightpagetest.SelectMultipleOptionsTest" name="selectMultipleOptionsTest" time="0.561"/>
  <system-out/>
</testsuite> <!-- com.omayo.rightpagetest.SelectMultipleOptionsTest -->
