<?xml version="1.0" encoding="UTF-8"?>
<!-- Generated by org.testng.reporters.JUnitReportReporter -->
<testsuite hostname="DESKTOP-NPK11H1" failures="0" tests="1" name="com.omayo.centerpagetest.HTMLFormTest" time="9.730" errors="0" timestamp="2024-05-02T20:30:47 EET" skipped="0">
  <testcase classname="com.omayo.centerpagetest.HTMLFormTest" name="hTMLFormTest" time="9.730"/>
  <system-out/>
</testsuite> <!-- com.omayo.centerpagetest.HTMLFormTest -->
