<?xml version="1.0" encoding="UTF-8"?>
<!-- Generated by org.testng.reporters.JUnitReportReporter -->
<testsuite hostname="DESKTOP-NPK11H1" failures="0" tests="1" name="com.omayo.rightpagetest.SearchThisBlogTest" time="1.629" errors="0" timestamp="2023-12-16T21:08:45 EET" skipped="0">
  <testcase classname="com.omayo.rightpagetest.SearchThisBlogTest" name="searchThisBlogTest" time="1.629"/>
  <system-out/>
</testsuite> <!-- com.omayo.rightpagetest.SearchThisBlogTest -->
