<?xml version="1.0" encoding="UTF-8"?>
<!-- Generated by org.testng.reporters.JUnitReportReporter -->
<testsuite hostname="DESKTOP-NPK11H1" failures="0" tests="1" name="com.omayo.rightpagetest.GetPromptTest" time="0.230" errors="0" timestamp="2023-12-06T13:25:03 EET" skipped="0">
  <testcase classname="com.omayo.rightpagetest.GetPromptTest" name="getPromptTest" time="0.230"/>
  <system-out/>
</testsuite> <!-- com.omayo.rightpagetest.GetPromptTest -->
