<?xml version="1.0" encoding="UTF-8"?>
<!-- Generated by org.testng.reporters.JUnitReportReporter -->
<testsuite hostname="DESKTOP-NPK11H1" failures="0" tests="9" name="com.omayo.rightpagetest.LocateUsingNameAttributeTest" time="0.930" errors="0" timestamp="2023-11-30T09:26:56 EET" skipped="0">
  <testcase classname="com.omayo.rightpagetest.LocateUsingNameAttributeTest" name="nameAttributeTest" time="0.186"/>
  <system-out/>
  <testcase classname="com.omayo.rightpagetest.LocateUsingNameAttributeTest" name="nameAttributeTest" time="0.089"/>
  <system-out/>
  <testcase classname="com.omayo.rightpagetest.LocateUsingNameAttributeTest" name="nameAttributeTest" time="0.093"/>
  <system-out/>
  <testcase classname="com.omayo.rightpagetest.LocateUsingNameAttributeTest" name="nameAttributeTest" time="0.098"/>
  <system-out/>
  <testcase classname="com.omayo.rightpagetest.LocateUsingNameAttributeTest" name="nameAttributeTest" time="0.094"/>
  <system-out/>
  <testcase classname="com.omayo.rightpagetest.LocateUsingNameAttributeTest" name="nameAttributeTest" time="0.094"/>
  <system-out/>
  <testcase classname="com.omayo.rightpagetest.LocateUsingNameAttributeTest" name="nameAttributeTest" time="0.093"/>
  <system-out/>
  <testcase classname="com.omayo.rightpagetest.LocateUsingNameAttributeTest" name="nameAttributeTest" time="0.095"/>
  <system-out/>
  <testcase classname="com.omayo.rightpagetest.LocateUsingNameAttributeTest" name="nameAttributeTest" time="0.088"/>
  <system-out/>
</testsuite> <!-- com.omayo.rightpagetest.LocateUsingNameAttributeTest -->
